#
# A fatal error has been detected by the Java Runtime Environment:
#
#  Internal Error (constantPool.cpp:1351), pid=20580, tid=5264
#  Error: ShouldNotReachHere()
#
# JRE version: Java(TM) SE Runtime Environment (8.0_05-b13) (build 1.8.0_05-b13)
# Java VM: Java HotSpot(TM) 64-Bit Server VM (25.5-b02 mixed mode windows-amd64 compressed oops)
# Failed to write core dump. Minidumps are not enabled by default on client versions of Windows
#
# If you would like to submit a bug report, please visit:
#   http://bugreport.sun.com/bugreport/crash.jsp
#

---------------  T H R E A D  ---------------

Current thread (0x000000001c5ff800):  JavaThread "JDWP Transport Listener: dt_socket" daemon [_thread_in_vm, id=5264, stack(0x000000001f220000,0x000000001f320000)]

Stack: [0x000000001f220000,0x000000001f320000]
Native frames: (J=compiled Java code, j=interpreted, Vv=VM code, C=native code)
V  [jvm.dll+0x308dea]
V  [jvm.dll+0x25def1]
V  [jvm.dll+0x25eb0f]
V  [jvm.dll+0x256612]
V  [jvm.dll+0xe651b]
V  [jvm.dll+0x1b1612]
V  [jvm.dll+0x1b41ca]
V  [jvm.dll+0x1b51cb]
V  [jvm.dll+0x1b5af2]
V  [jvm.dll+0x228720]
V  [jvm.dll+0x18dde1]
V  [jvm.dll+0x321294]
C  [jdwp.dll+0x9e6b]
C  [jdwp.dll+0xf09c]
C  [jdwp.dll+0x1f2c9]
C  [jdwp.dll+0x1f49e]
V  [jvm.dll+0x1a7128]
V  [jvm.dll+0x2232c4]
V  [jvm.dll+0x27baca]
C  [msvcr100.dll+0x21d9f]
C  [msvcr100.dll+0x21e3b]
C  [kernel32.dll+0x159ed]
C  [ntdll.dll+0x2c541]


---------------  P R O C E S S  ---------------

Java Threads: ( => current thread )
  0x000000001d649000 JavaThread "Service Thread" daemon [_thread_blocked, id=6284, stack(0x000000001fa90000,0x000000001fb90000)]
  0x000000001d5ca800 JavaThread "C1 CompilerThread3" daemon [_thread_blocked, id=9932, stack(0x000000001f8e0000,0x000000001f9e0000)]
  0x000000001d5c8000 JavaThread "C2 CompilerThread2" daemon [_thread_blocked, id=7044, stack(0x000000001e4e0000,0x000000001e5e0000)]
  0x000000001d5c3000 JavaThread "C2 CompilerThread1" daemon [_thread_blocked, id=4900, stack(0x000000001f3c0000,0x000000001f4c0000)]
  0x000000001d5bb800 JavaThread "C2 CompilerThread0" daemon [_thread_blocked, id=6792, stack(0x000000001eb70000,0x000000001ec70000)]
  0x000000001d5ae000 JavaThread "JDWP Command Reader" daemon [_thread_in_native, id=11204, stack(0x000000001f640000,0x000000001f740000)]
  0x000000001d5ac800 JavaThread "JDWP Event Helper Thread" daemon [_thread_blocked, id=5460, stack(0x000000001ef70000,0x000000001f070000)]
=>0x000000001c5ff800 JavaThread "JDWP Transport Listener: dt_socket" daemon [_thread_in_vm, id=5264, stack(0x000000001f220000,0x000000001f320000)]
  0x000000001d595000 JavaThread "Attach Listener" daemon [_thread_blocked, id=4612, stack(0x000000001ec90000,0x000000001ed90000)]
  0x000000001d594800 JavaThread "Signal Dispatcher" daemon [_thread_blocked, id=5976, stack(0x000000001ea70000,0x000000001eb70000)]
  0x000000001c5ee000 JavaThread "Finalizer" daemon [_thread_blocked, id=19584, stack(0x000000001e970000,0x000000001ea70000)]
  0x000000001c5e5800 JavaThread "Reference Handler" daemon [_thread_blocked, id=8040, stack(0x000000001e770000,0x000000001e870000)]
  0x00000000021ca000 JavaThread "main" [_thread_in_native, id=10736, stack(0x00000000023e0000,0x00000000024e0000)]

Other Threads:
  0x000000001d543000 VMThread [stack: 0x000000001e5e0000,0x000000001e6e0000] [id=14924]
  0x000000001d66a000 WatcherThread [stack: 0x000000001fc40000,0x000000001fd40000] [id=7388]

VM state:not at safepoint (normal execution)

VM Mutex/Monitor currently owned by a thread: None

Heap:
 PSYoungGen      total 1536K, used 731K [0x000000076b100000, 0x000000076b300000, 0x00000007c0000000)
  eden space 1024K, 21% used [0x000000076b100000,0x000000076b137090,0x000000076b200000)
  from space 512K, 99% used [0x000000076b280000,0x000000076b2ffc10,0x000000076b300000)
  to   space 512K, 0% used [0x000000076b200000,0x000000076b200000,0x000000076b280000)
 ParOldGen       total 260608K, used 397K [0x00000006c1200000, 0x00000006d1080000, 0x000000076b100000)
  object space 260608K, 0% used [0x00000006c1200000,0x00000006c1263628,0x00000006d1080000)
 Metaspace       used 2870K, capacity 4562K, committed 4864K, reserved 1056768K
  class space    used 308K, capacity 386K, committed 512K, reserved 1048576K

Card table byte_map: [0x0000000011b70000,0x0000000012370000] byte_map_base: 0x000000000e567000

Marking Bits: (ParMarkBitMap*) 0x00000000575313b0
 Begin Bits: [0x0000000013490000, 0x0000000017448000)
 End Bits:   [0x0000000017448000, 0x000000001b400000)

Polling page: 0x0000000000220000

CodeCache: size=245760Kb used=1243Kb max_used=1243Kb free=244516Kb
 bounds [0x00000000027b0000, 0x0000000002a20000, 0x00000000117b0000]
 total_blobs=325 nmethods=95 adapters=152
 compilation: enabled

Compilation events (10 events):
Event: 0.152 Thread 0x000000001d5ca800   91       3       java.util.Locale::getDefault (4 bytes)
Event: 0.152 Thread 0x000000001d5ca800 nmethod 91 0x00000000028e5d90 code [0x00000000028e5ee0, 0x00000000028e6030]
Event: 0.152 Thread 0x000000001d5ca800   92       1       java.net.Parts::getPath (5 bytes)
Event: 0.152 Thread 0x000000001d5ca800 nmethod 92 0x00000000028e5ad0 code [0x00000000028e5c20, 0x00000000028e5d30]
Event: 0.152 Thread 0x000000001d5ca800   93       1       java.net.Parts::getQuery (5 bytes)
Event: 0.153 Thread 0x000000001d5ca800 nmethod 93 0x00000000028e5810 code [0x00000000028e5960, 0x00000000028e5a70]
Event: 0.153 Thread 0x000000001d5ca800   94       1       java.net.Parts::getRef (5 bytes)
Event: 0.153 Thread 0x000000001d5ca800 nmethod 94 0x00000000028e6cd0 code [0x00000000028e6e20, 0x00000000028e6f30]
Event: 0.153 Thread 0x000000001d5ca800   95       3       java.nio.charset.CharsetEncoder::maxBytesPerChar (5 bytes)
Event: 0.153 Thread 0x000000001d5ca800 nmethod 95 0x00000000028e6f90 code [0x00000000028e70e0, 0x00000000028e7230]

GC Heap History (8 events):
Event: 0.105 GC heap before
{Heap before GC invocations=1 (full 0):
 PSYoungGen      total 1024K, used 512K [0x000000076b100000, 0x000000076b280000, 0x00000007c0000000)
  eden space 512K, 100% used [0x000000076b100000,0x000000076b180000,0x000000076b180000)
  from space 512K, 0% used [0x000000076b200000,0x000000076b200000,0x000000076b280000)
  to   space 512K, 0% used [0x000000076b180000,0x000000076b180000,0x000000076b200000)
 ParOldGen       total 260608K, used 0K [0x00000006c1200000, 0x00000006d1080000, 0x000000076b100000)
  object space 260608K, 0% used [0x00000006c1200000,0x00000006c1200000,0x00000006d1080000)
 Metaspace       used 2252K, capacity 4480K, committed 4480K, reserved 1056768K
  class space    used 244K, capacity 384K, committed 384K, reserved 1048576K
Event: 0.106 GC heap after
Heap after GC invocations=1 (full 0):
 PSYoungGen      total 1024K, used 480K [0x000000076b100000, 0x000000076b280000, 0x00000007c0000000)
  eden space 512K, 0% used [0x000000076b100000,0x000000076b100000,0x000000076b180000)
  from space 512K, 93% used [0x000000076b180000,0x000000076b1f8020,0x000000076b200000)
  to   space 512K, 0% used [0x000000076b200000,0x000000076b200000,0x000000076b280000)
 ParOldGen       total 260608K, used 0K [0x00000006c1200000, 0x00000006d1080000, 0x000000076b100000)
  object space 260608K, 0% used [0x00000006c1200000,0x00000006c1200000,0x00000006d1080000)
 Metaspace       used 2252K, capacity 4480K, committed 4480K, reserved 1056768K
  class space    used 244K, capacity 384K, committed 384K, reserved 1048576K
}
Event: 0.133 GC heap before
{Heap before GC invocations=2 (full 0):
 PSYoungGen      total 1024K, used 991K [0x000000076b100000, 0x000000076b280000, 0x00000007c0000000)
  eden space 512K, 99% used [0x000000076b100000,0x000000076b17ffd0,0x000000076b180000)
  from space 512K, 93% used [0x000000076b180000,0x000000076b1f8020,0x000000076b200000)
  to   space 512K, 0% used [0x000000076b200000,0x000000076b200000,0x000000076b280000)
 ParOldGen       total 260608K, used 0K [0x00000006c1200000, 0x00000006d1080000, 0x000000076b100000)
  object space 260608K, 0% used [0x00000006c1200000,0x00000006c1200000,0x00000006d1080000)
 Metaspace       used 2860K, capacity 4498K, committed 4864K, reserved 1056768K
  class space    used 307K, capacity 386K, committed 512K, reserved 1048576K
Event: 0.134 GC heap after
Heap after GC invocations=2 (full 0):
 PSYoungGen      total 1024K, used 496K [0x000000076b100000, 0x000000076b300000, 0x00000007c0000000)
  eden space 512K, 0% used [0x000000076b100000,0x000000076b100000,0x000000076b180000)
  from space 512K, 96% used [0x000000076b200000,0x000000076b27c010,0x000000076b280000)
  to   space 512K, 0% used [0x000000076b180000,0x000000076b180000,0x000000076b200000)
 ParOldGen       total 260608K, used 176K [0x00000006c1200000, 0x00000006d1080000, 0x000000076b100000)
  object space 260608K, 0% used [0x00000006c1200000,0x00000006c122c000,0x00000006d1080000)
 Metaspace       used 2860K, capacity 4498K, committed 4864K, reserved 1056768K
  class space    used 307K, capacity 386K, committed 512K, reserved 1048576K
}
Event: 0.144 GC heap before
{Heap before GC invocations=3 (full 0):
 PSYoungGen      total 1024K, used 919K [0x000000076b100000, 0x000000076b300000, 0x00000007c0000000)
  eden space 512K, 82% used [0x000000076b100000,0x000000076b169f80,0x000000076b180000)
  from space 512K, 96% used [0x000000076b200000,0x000000076b27c010,0x000000076b280000)
  to   space 512K, 0% used [0x000000076b180000,0x000000076b180000,0x000000076b200000)
 ParOldGen       total 260608K, used 176K [0x00000006c1200000, 0x00000006d1080000, 0x000000076b100000)
  object space 260608K, 0% used [0x00000006c1200000,0x00000006c122c000,0x00000006d1080000)
 Metaspace       used 2864K, capacity 4498K, committed 4864K, reserved 1056768K
  class space    used 307K, capacity 386K, committed 512K, reserved 1048576K
Event: 0.145 GC heap after
Heap after GC invocations=3 (full 0):
 PSYoungGen      total 1024K, used 495K [0x000000076b100000, 0x000000076b300000, 0x00000007c0000000)
  eden space 512K, 0% used [0x000000076b100000,0x000000076b100000,0x000000076b180000)
  from space 512K, 96% used [0x000000076b180000,0x000000076b1fbc20,0x000000076b200000)
  to   space 512K, 0% used [0x000000076b280000,0x000000076b280000,0x000000076b300000)
 ParOldGen       total 260608K, used 365K [0x00000006c1200000, 0x00000006d1080000, 0x000000076b100000)
  object space 260608K, 0% used [0x00000006c1200000,0x00000006c125b628,0x00000006d1080000)
 Metaspace       used 2864K, capacity 4498K, committed 4864K, reserved 1056768K
  class space    used 307K, capacity 386K, committed 512K, reserved 1048576K
}
Event: 0.149 GC heap before
{Heap before GC invocations=4 (full 0):
 PSYoungGen      total 1024K, used 991K [0x000000076b100000, 0x000000076b300000, 0x00000007c0000000)
  eden space 512K, 97% used [0x000000076b100000,0x000000076b17c2c0,0x000000076b180000)
  from space 512K, 96% used [0x000000076b180000,0x000000076b1fbc20,0x000000076b200000)
  to   space 512K, 0% used [0x000000076b280000,0x000000076b280000,0x000000076b300000)
 ParOldGen       total 260608K, used 365K [0x00000006c1200000, 0x00000006d1080000, 0x000000076b100000)
  object space 260608K, 0% used [0x00000006c1200000,0x00000006c125b628,0x00000006d1080000)
 Metaspace       used 2865K, capacity 4498K, committed 4864K, reserved 1056768K
  class space    used 307K, capacity 386K, committed 512K, reserved 1048576K
Event: 0.149 GC heap after
Heap after GC invocations=4 (full 0):
 PSYoungGen      total 1536K, used 511K [0x000000076b100000, 0x000000076b300000, 0x00000007c0000000)
  eden space 1024K, 0% used [0x000000076b100000,0x000000076b100000,0x000000076b200000)
  from space 512K, 99% used [0x000000076b280000,0x000000076b2ffc10,0x000000076b300000)
  to   space 512K, 0% used [0x000000076b200000,0x000000076b200000,0x000000076b280000)
 ParOldGen       total 260608K, used 397K [0x00000006c1200000, 0x00000006d1080000, 0x000000076b100000)
  object space 260608K, 0% used [0x00000006c1200000,0x00000006c1263628,0x00000006d1080000)
 Metaspace       used 2865K, capacity 4498K, committed 4864K, reserved 1056768K
  class space    used 307K, capacity 386K, committed 512K, reserved 1048576K
}

Deoptimization events (0 events):
No events

Internal exceptions (10 events):
Event: 0.130 Thread 0x00000000021ca000 Exception <a 'java/security/PrivilegedActionException'> (0x000000076b16c328) thrown at [D:\re\workspace\8-2-build-windows-amd64-cygwin\jdk8u5\2488\hotspot\src\share\vm\prims\jvm.cpp, line 1248]
Event: 0.130 Thread 0x00000000021ca000 Exception <a 'java/security/PrivilegedActionException'> (0x000000076b16c4e0) thrown at [D:\re\workspace\8-2-build-windows-amd64-cygwin\jdk8u5\2488\hotspot\src\share\vm\prims\jvm.cpp, line 1248]
Event: 0.130 Thread 0x00000000021ca000 Exception <a 'java/security/PrivilegedActionException'> (0x000000076b16d400) thrown at [D:\re\workspace\8-2-build-windows-amd64-cygwin\jdk8u5\2488\hotspot\src\share\vm\prims\jvm.cpp, line 1248]
Event: 0.131 Thread 0x00000000021ca000 Exception <a 'java/security/PrivilegedActionException'> (0x000000076b16d5b8) thrown at [D:\re\workspace\8-2-build-windows-amd64-cygwin\jdk8u5\2488\hotspot\src\share\vm\prims\jvm.cpp, line 1248]
Event: 0.131 Thread 0x00000000021ca000 Exception <a 'java/security/PrivilegedActionException'> (0x000000076b16e530) thrown at [D:\re\workspace\8-2-build-windows-amd64-cygwin\jdk8u5\2488\hotspot\src\share\vm\prims\jvm.cpp, line 1248]
Event: 0.131 Thread 0x00000000021ca000 Exception <a 'java/security/PrivilegedActionException'> (0x000000076b16e6e8) thrown at [D:\re\workspace\8-2-build-windows-amd64-cygwin\jdk8u5\2488\hotspot\src\share\vm\prims\jvm.cpp, line 1248]
Event: 0.132 Thread 0x00000000021ca000 Exception <a 'java/security/PrivilegedActionException'> (0x000000076b176038) thrown at [D:\re\workspace\8-2-build-windows-amd64-cygwin\jdk8u5\2488\hotspot\src\share\vm\prims\jvm.cpp, line 1248]
Event: 0.132 Thread 0x00000000021ca000 Exception <a 'java/security/PrivilegedActionException'> (0x000000076b1761f0) thrown at [D:\re\workspace\8-2-build-windows-amd64-cygwin\jdk8u5\2488\hotspot\src\share\vm\prims\jvm.cpp, line 1248]
Event: 0.153 Thread 0x00000000021ca000 Exception <a 'java/security/PrivilegedActionException'> (0x000000076b1306b0) thrown at [D:\re\workspace\8-2-build-windows-amd64-cygwin\jdk8u5\2488\hotspot\src\share\vm\prims\jvm.cpp, line 1248]
Event: 2.959 Thread 0x00000000021ca000 Exception <a 'java/lang/NoClassDefFoundError': org/dbunit/dataset/DataSetException> (0x000000076b131fe0) thrown at [D:\re\workspace\8-2-build-windows-amd64-cygwin\jdk8u5\2488\hotspot\src\share\vm\classfile\systemDictionary.cpp, line 191]

Events (10 events):
Event: 0.560 Executing VM operation: GetOrSetLocal
Event: 0.560 Executing VM operation: GetOrSetLocal done
Event: 0.560 Executing VM operation: GetOrSetLocal
Event: 0.560 Executing VM operation: GetOrSetLocal done
Event: 0.561 Executing VM operation: GetOrSetLocal
Event: 0.561 Executing VM operation: GetOrSetLocal done
Event: 0.561 Executing VM operation: GetOrSetLocal
Event: 0.561 Executing VM operation: GetOrSetLocal done
Event: 4.246 Executing VM operation: EnableBiasedLocking
Event: 4.246 Executing VM operation: EnableBiasedLocking done


Dynamic libraries:
0x000000013fb00000 - 0x000000013fb34000 	C:\Program Files\Java\jdk1.8.0_05\jre\bin\javaw.exe
0x0000000077160000 - 0x0000000077309000 	C:\Windows\SYSTEM32\ntdll.dll
0x0000000076f40000 - 0x000000007705f000 	C:\Windows\system32\kernel32.dll
0x000007fefd270000 - 0x000007fefd2dc000 	C:\Windows\system32\KERNELBASE.dll
0x000007fefd3a0000 - 0x000007fefd47b000 	C:\Windows\system32\ADVAPI32.dll
0x000007fefd7c0000 - 0x000007fefd85f000 	C:\Windows\system32\msvcrt.dll
0x000007fefd480000 - 0x000007fefd49f000 	C:\Windows\SYSTEM32\sechost.dll
0x000007fefd900000 - 0x000007fefda2d000 	C:\Windows\system32\RPCRT4.dll
0x0000000077060000 - 0x000000007715a000 	C:\Windows\system32\USER32.dll
0x000007fefd4a0000 - 0x000007fefd507000 	C:\Windows\system32\GDI32.dll
0x000007fefeeb0000 - 0x000007fefeebe000 	C:\Windows\system32\LPK.dll
0x000007feff140000 - 0x000007feff209000 	C:\Windows\system32\USP10.dll
0x000007fefb8a0000 - 0x000007fefba94000 	C:\Windows\WinSxS\amd64_microsoft.windows.common-controls_6595b64144ccf1df_6.0.7601.17514_none_fa396087175ac9ac\COMCTL32.dll
0x000007fefedd0000 - 0x000007fefee41000 	C:\Windows\system32\SHLWAPI.dll
0x000007fefeec0000 - 0x000007fefeeee000 	C:\Windows\system32\IMM32.DLL
0x000007fefdf30000 - 0x000007fefe039000 	C:\Windows\system32\MSCTF.dll
0x000007fefcef0000 - 0x000007fefcf1f000 	C:\Windows\system32\nvinitx.dll
0x000000006bef0000 - 0x000000006bfc2000 	C:\Program Files\Java\jdk1.8.0_05\jre\bin\msvcr100.dll
0x0000000056d80000 - 0x00000000575aa000 	C:\Program Files\Java\jdk1.8.0_05\jre\bin\server\jvm.dll
0x000007fef6df0000 - 0x000007fef6df9000 	C:\Windows\system32\WSOCK32.dll
0x000007fefd350000 - 0x000007fefd39d000 	C:\Windows\system32\WS2_32.dll
0x000007fefda30000 - 0x000007fefda38000 	C:\Windows\system32\NSI.dll
0x000007fefaa40000 - 0x000007fefaa7b000 	C:\Windows\system32\WINMM.dll
0x0000000077330000 - 0x0000000077337000 	C:\Windows\system32\PSAPI.DLL
0x000000006bee0000 - 0x000000006beef000 	C:\Program Files\Java\jdk1.8.0_05\jre\bin\verify.dll
0x000000006beb0000 - 0x000000006bed8000 	C:\Program Files\Java\jdk1.8.0_05\jre\bin\java.dll
0x000000006c220000 - 0x000000006c255000 	C:\Program Files\Java\jdk1.8.0_05\jre\bin\jdwp.dll
0x000000006db60000 - 0x000000006db68000 	C:\Program Files\Java\jdk1.8.0_05\jre\bin\npt.dll
0x000000006be90000 - 0x000000006bea6000 	C:\Program Files\Java\jdk1.8.0_05\jre\bin\zip.dll
0x000007fefe040000 - 0x000007fefedc8000 	C:\Windows\system32\SHELL32.dll
0x000007fefd510000 - 0x000007fefd713000 	C:\Windows\system32\ole32.dll
0x000007fefcf20000 - 0x000007fefcf2f000 	C:\Windows\system32\profapi.dll
0x000000006db50000 - 0x000000006db59000 	C:\Program Files\Java\jdk1.8.0_05\jre\bin\dt_socket.dll
0x000007fefad70000 - 0x000007fefad85000 	C:\Windows\system32\NLAapi.dll
0x000007fef6320000 - 0x000007fef6335000 	C:\Windows\system32\napinsp.dll
0x000007fef6300000 - 0x000007fef6319000 	C:\Windows\system32\pnrpnsp.dll
0x000007fefc720000 - 0x000007fefc775000 	C:\Windows\System32\mswsock.dll
0x000007fefc5a0000 - 0x000007fefc5fb000 	C:\Windows\system32\DNSAPI.dll
0x000007fef62f0000 - 0x000007fef62fb000 	C:\Windows\System32\winrnr.dll
0x000007fef62d0000 - 0x000007fef62e0000 	C:\Windows\system32\wshbth.dll
0x000007fefa500000 - 0x000007fefa527000 	C:\Windows\system32\IPHLPAPI.DLL
0x000007fefa4f0000 - 0x000007fefa4fb000 	C:\Windows\system32\WINNSI.DLL
0x000007fefa430000 - 0x000007fefa483000 	C:\Windows\System32\fwpuclnt.dll
0x000007fef67a0000 - 0x000007fef67a8000 	C:\Windows\system32\rasadhlp.dll
0x000007fefc100000 - 0x000007fefc107000 	C:\Windows\System32\wshtcpip.dll
0x000007fefb6c0000 - 0x000007fefb716000 	C:\Windows\system32\uxtheme.dll
0x000007fef9640000 - 0x000007fef964c000 	C:\Program Files (x86)\Yandex\Punto Switcher\PSHook64.dll
0x000007fefeef0000 - 0x000007fefef09000 	C:\Windows\system32\imagehlp.dll
0x000007fefb140000 - 0x000007fefb158000 	C:\Windows\system32\dwmapi.dll
0x000007fefce20000 - 0x000007fefce2f000 	C:\Windows\system32\CRYPTBASE.dll
0x000007fef4ee0000 - 0x000007fef5005000 	C:\Windows\system32\dbghelp.dll

VM Arguments:
jvm_args: -agentlib:jdwp=transport=dt_socket,suspend=y,address=localhost:62545 -Dfile.encoding=Cp1251 
java_command: tests.Test3
java_class_path (initial): D:\workspace\Ignite\target\classes;D:\eclipse\plugins\org.testng.eclipse_6.8.6.20141201_2240\lib\testng.jar;C:\Users\vavramchuk\.m2\repository\org\seleniumhq\selenium\selenium-java\2.41.0\selenium-java-2.41.0.jar;C:\Users\vavramchuk\.m2\repository\org\seleniumhq\selenium\selenium-chrome-driver\2.41.0\selenium-chrome-driver-2.41.0.jar;C:\Users\vavramchuk\.m2\repository\org\seleniumhq\selenium\selenium-remote-driver\2.41.0\selenium-remote-driver-2.41.0.jar;C:\Users\vavramchuk\.m2\repository\cglib\cglib-nodep\2.1_3\cglib-nodep-2.1_3.jar;C:\Users\vavramchuk\.m2\repository\org\json\json\20080701\json-20080701.jar;C:\Users\vavramchuk\.m2\repository\com\google\guava\guava\15.0\guava-15.0.jar;C:\Users\vavramchuk\.m2\repository\org\seleniumhq\selenium\selenium-htmlunit-driver\2.41.0\selenium-htmlunit-driver-2.41.0.jar;C:\Users\vavramchuk\.m2\repository\net\sourceforge\htmlunit\htmlunit\2.13\htmlunit-2.13.jar;C:\Users\vavramchuk\.m2\repository\xalan\xalan\2.7.1\xalan-2.7.1.jar;C:\Users\vavramchuk\.m2\repository\xalan\serializer\2.7.1\serializer-2.7.1.jar;C:\Users\vavramchuk\.m2\repository\org\apache\commons\commons-lang3\3.1\commons-lang3-3.1.jar;C:\Users\vavramchuk\.m2\repository\org\apache\httpcomponents\httpmime\4.3.1\httpmime-4.3.1.jar;C:\Users\vavramchuk\.m2\repository\net\sourceforge\htmlunit\htmlunit-core-js\2.13\htmlunit-core-js-2.13.jar;C:\Users\vavramchuk\.m2\repository\xerces\xercesImpl\2.11.0\xercesImpl-2.11.0.jar;C:\Users\vavramchuk\.m2\repository\xml-apis\xml-apis\1.4.01\xml-apis-1.4.01.jar;C:\Users\vavramchuk\.m2\repository\net\sourceforge\nekohtml\nekohtml\1.9.19\nekohtml-1.9.19.jar;C:\Users\vavramchuk\.m2\repository\net\sourceforge\cssparser\cssparser\0.9.11\cssparser-0.9.11.jar;C:\Users\vavramchuk\.m2\repository\org\w3c\css\sac\1.3\sac-1.3.jar;C:\Users\vavramchuk\.m2\repository\commons-logging\commons-logging\1.1.3\commons-logging-1.1.3.jar;C:\Users\vavramchuk\.m2\repository\org\eclipse\jetty\jetty-websocket\8.1.12.v20130726\jett
Launcher Type: SUN_STANDARD

Environment Variables:
JAVA_HOME=C:\Program Files\Java\jdk1.8.0_05
PATH=C:\Program Files\Java\jdk1.8.0_05\jre\bin;C:\Program Files (x86)\RSA SecurID Token Common;C:\Program Files (x86)\NVIDIA Corporation\PhysX\Common;C:\Windows\system32;C:\Windows;C:\Windows\System32\Wbem;C:\Windows\System32\WindowsPowerShell\v1.0\;C:\Program Files (x86)\Intel\OpenCL SDK\3.0\bin\x86;C:\Program Files (x86)\Intel\OpenCL SDK\3.0\bin\x64;C:\Program Files\Java\jdk1.8.0_05\bin;D:\Maven\apache-maven-3.2.1;D:\Maven\apache-maven-3.2.1\bin;.;;.;;.;;.;
USERNAME=vavramchuk
OS=Windows_NT
PROCESSOR_IDENTIFIER=Intel64 Family 6 Model 60 Stepping 3, GenuineIntel



---------------  S Y S T E M  ---------------

OS: Windows 7 , 64 bit Build 7601 Service Pack 1

CPU:total 8 (4 cores per cpu, 2 threads per core) family 6 model 60 stepping 3, cmov, cx8, fxsr, mmx, sse, sse2, sse3, ssse3, sse4.1, sse4.2, popcnt, avx, avx2, aes, clmul, erms, ht, tsc, tscinvbit

Memory: 4k page, physical 16696492k(9861036k free), swap 33391120k(24728608k free)

vm_info: Java HotSpot(TM) 64-Bit Server VM (25.5-b02) for windows-amd64 JRE (1.8.0_05-b13), built on Mar 18 2014 01:08:39 by "java_re" with MS VC++ 10.0 (VS2010)

time: Wed May 28 17:40:58 2014
elapsed time: 69 seconds

